#
# There is insufficient memory for the Java Runtime Environment to continue.
# Native memory allocation (malloc) failed to allocate 1309104 bytes. Error detail: Chunk::new
# Possible reasons:
#   The system is out of physical RAM or swap space
#   This process is running with CompressedOops enabled, and the Java Heap may be blocking the growth of the native heap
# Possible solutions:
#   Reduce memory load on the system
#   Increase physical memory or swap space
#   Check if swap backing store is full
#   Decrease Java heap size (-Xmx/-Xms)
#   Decrease number of Java threads
#   Decrease Java thread stack sizes (-Xss)
#   Set larger code cache with -XX:ReservedCodeCacheSize=
#   JVM is running with Zero Based Compressed Oops mode in which the Java heap is
#     placed in the first 32GB address space. The Java Heap base address is the
#     maximum limit for the native heap growth. Please use -XX:HeapBaseMinAddress
#     to set the Java Heap base and to place the Java Heap above 32GB virtual address.
# This output file may be truncated or incomplete.
#
#  Out of Memory Error (arena.cpp:150), pid=14104, tid=19496
#
# JRE version: OpenJDK Runtime Environment Corretto-22.0.2.9.1 (22.0.2+9) (build 22.0.2+9-FR)
# Java VM: OpenJDK 64-Bit Server VM Corretto-22.0.2.9.1 (22.0.2+9-FR, mixed mode, sharing, tiered, compressed oops, compressed class ptrs, g1 gc, windows-amd64)
# No core dump will be written. Minidumps are not enabled by default on client versions of Windows
#

---------------  S U M M A R Y ------------

Command Line: -javaagent:C:\Users\Mohamed-Elsharkawy\AppData\Local\JetBrains\IdeaIC2025.1\captureAgent\debugger-agent.jar=file:///C:/Users/Mohamed-Elsharkawy/AppData/Local/Temp/capture16664295948359992966.props -ea -Didea.test.cyclic.buffer.size=1048576 -javaagent:D:\IntelliJ IDEA Community Edition 2025.1.4.1\lib\idea_rt.jar=65338 -Dkotlinx.coroutines.debug.enable.creation.stack.trace=false -Ddebugger.agent.enable.coroutines=true -Dkotlinx.coroutines.debug.enable.flows.stack.trace=true -Dkotlinx.coroutines.debug.enable.mutable.state.flows.stack.trace=true -Dfile.encoding=UTF-8 -Dsun.stdout.encoding=UTF-8 -Dsun.stderr.encoding=UTF-8 com.intellij.rt.testng.RemoteTestNGStarter -usedefaultlisteners false -socket65337 @w@C:\Users\Mohamed-Elsharkawy\AppData\Local\Temp\idea_working_dirs_testng2.tmp -temp C:\Users\Mohamed-Elsharkawy\AppData\Local\Temp\idea_testng2.tmp

Host: Intel(R) Core(TM) i7-6820HQ CPU @ 2.70GHz, 8 cores, 15G,  Windows 11 , 64 bit Build 26100 (10.0.26100.7309)
Time: Sat Dec  6 00:29:53 2025 Egypt Standard Time elapsed time: 6.610243 seconds (0d 0h 0m 6s)

---------------  T H R E A D  ---------------

Current thread (0x000001e8e3d378d0):  JavaThread "C2 CompilerThread0" daemon [_thread_in_native, id=19496, stack(0x0000003984a00000,0x0000003984b00000) (1024K)]


Current CompileTask:
C2:6610 2153       4       java.lang.invoke.MethodType::makeImpl (109 bytes)

Stack: [0x0000003984a00000,0x0000003984b00000]
Native frames: (J=compiled Java code, j=interpreted, Vv=VM code, C=native code)
V  [jvm.dll+0x6f7bb9]  (no source info available)
V  [jvm.dll+0x8dc245]  (no source info available)
V  [jvm.dll+0x8de4ae]  (no source info available)
V  [jvm.dll+0x8deb93]  (no source info available)
V  [jvm.dll+0x28d336]  (no source info available)
V  [jvm.dll+0xc500f]  (no source info available)
V  [jvm.dll+0xc526b]  (no source info available)
V  [jvm.dll+0x3cbe8b]  (no source info available)
V  [jvm.dll+0x1e99ea]  (no source info available)
V  [jvm.dll+0x254124]  (no source info available)
V  [jvm.dll+0x2537f1]  (no source info available)
V  [jvm.dll+0x1cef4a]  (no source info available)
V  [jvm.dll+0x263335]  (no source info available)
V  [jvm.dll+0x2615fb]  (no source info available)
V  [jvm.dll+0x407456]  (no source info available)
V  [jvm.dll+0x883778]  (no source info available)
V  [jvm.dll+0x6f63c5]  (no source info available)
C  [ucrtbase.dll+0x37b0]  (no source info available)
C  [KERNEL32.DLL+0x2e8d7]  (no source info available)
C  [ntdll.dll+0x8c53c]  (no source info available)


---------------  P R O C E S S  ---------------

Threads class SMR info:
_java_thread_list=0x000001e8ea21f7a0, length=23, elements={
0x000001e8c290cb40, 0x000001e8e3d18400, 0x000001e8e3d19b80, 0x000001e8e3d251e0,
0x000001e8e3d25c40, 0x000001e8e3d273c0, 0x000001e8e3d2b700, 0x000001e8e3d378d0,
0x000001e8e3d45b40, 0x000001e8c1206ff0, 0x000001e8c12090c0, 0x000001e8c1206960,
0x000001e8c1209750, 0x000001e8c1ab78b0, 0x000001e8e93e1ad0, 0x000001e8c1ab5150,
0x000001e8c1abc0e0, 0x000001e8c1abb3c0, 0x000001e8c1aba010, 0x000001e8c1abba50,
0x000001e8c1ab8c60, 0x000001e8c1aba6a0, 0x000001e8c1abad30
}

Java Threads: ( => current thread )
  0x000001e8c290cb40 JavaThread "Forwarding newSession on session null to remote"        [_thread_blocked, id=18824, stack(0x0000003983c00000,0x0000003983d00000) (1024K)]
  0x000001e8e3d18400 JavaThread "Reference Handler"          daemon [_thread_blocked, id=21580, stack(0x0000003984400000,0x0000003984500000) (1024K)]
  0x000001e8e3d19b80 JavaThread "Finalizer"                  daemon [_thread_blocked, id=3192, stack(0x0000003984500000,0x0000003984600000) (1024K)]
  0x000001e8e3d251e0 JavaThread "Signal Dispatcher"          daemon [_thread_blocked, id=22388, stack(0x0000003984600000,0x0000003984700000) (1024K)]
  0x000001e8e3d25c40 JavaThread "Attach Listener"            daemon [_thread_blocked, id=17556, stack(0x0000003984700000,0x0000003984800000) (1024K)]
  0x000001e8e3d273c0 JavaThread "Service Thread"             daemon [_thread_blocked, id=17620, stack(0x0000003984800000,0x0000003984900000) (1024K)]
  0x000001e8e3d2b700 JavaThread "Monitor Deflation Thread"   daemon [_thread_blocked, id=18132, stack(0x0000003984900000,0x0000003984a00000) (1024K)]
=>0x000001e8e3d378d0 JavaThread "C2 CompilerThread0"         daemon [_thread_in_native, id=19496, stack(0x0000003984a00000,0x0000003984b00000) (1024K)]
  0x000001e8e3d45b40 JavaThread "C1 CompilerThread0"         daemon [_thread_blocked, id=5892, stack(0x0000003984b00000,0x0000003984c00000) (1024K)]
  0x000001e8c1206ff0 JavaThread "Common-Cleaner"             daemon [_thread_blocked, id=21680, stack(0x0000003984c00000,0x0000003984d00000) (1024K)]
  0x000001e8c12090c0 JavaThread "IntelliJ Suspend Helper"    daemon [_thread_blocked, id=19768, stack(0x0000003984d00000,0x0000003984e00000) (1024K)]
  0x000001e8c1206960 JavaThread "Monitor Ctrl-Break"         daemon [_thread_in_native, id=8844, stack(0x0000003984e00000,0x0000003984f00000) (1024K)]
  0x000001e8c1209750 JavaThread "Notification Thread"        daemon [_thread_blocked, id=19008, stack(0x0000003984f00000,0x0000003985000000) (1024K)]
  0x000001e8c1ab78b0 JavaThread "ForkJoinPool.commonPool-worker-1" daemon [_thread_blocked, id=18496, stack(0x0000003985000000,0x0000003985100000) (1024K)]
  0x000001e8e93e1ad0 JavaThread "C2 CompilerThread1"         daemon [_thread_in_native, id=20088, stack(0x0000003985800000,0x0000003985900000) (1024K)]
  0x000001e8c1ab5150 JavaThread "HttpClient-1-SelectorManager" daemon [_thread_in_vm, id=17316, stack(0x0000003985a00000,0x0000003985b00000) (1024K)]
  0x000001e8c1abc0e0 JavaThread "External Process Output Forwarder - C:\Users\Mohamed-Elsharkawy\.cache\selenium\chromedriver\win64\142.0.7444.175\chromedriver.exe" daemon [_thread_in_native, id=4940, stack(0x0000003985b00000,0x0000003985c00000) (1024K)]
  0x000001e8c1abb3c0 JavaThread "Driver Service Executor"    daemon [_thread_blocked, id=17092, stack(0x0000003985c00000,0x0000003985d00000) (1024K)]
  0x000001e8c1aba010 JavaThread "Driver Service Executor"    daemon [_thread_in_native, id=21416, stack(0x0000003985d00000,0x0000003985e00000) (1024K)]
  0x000001e8c1abba50 JavaThread "UrlChecker-2"               daemon [_thread_blocked, id=20300, stack(0x0000003985e00000,0x0000003985f00000) (1024K)]
  0x000001e8c1ab8c60 JavaThread "Keep-Alive-Timer"           daemon [_thread_blocked, id=19180, stack(0x0000003985900000,0x0000003985a00000) (1024K)]
  0x000001e8c1aba6a0 JavaThread "JdkHttpClient-0-0"          daemon [_thread_in_vm, id=15192, stack(0x0000003986100000,0x0000003986200000) (1024K)]
  0x000001e8c1abad30 JavaThread "CompletableFutureDelayScheduler" daemon [_thread_blocked, id=19244, stack(0x0000003986200000,0x0000003986300000) (1024K)]
Total: 23

Other Threads:
  0x000001e8e3cfcbb0 VMThread "VM Thread"                           [id=22212, stack(0x0000003984300000,0x0000003984400000) (1024K)]
  0x000001e8e3ce4490 WatcherThread "VM Periodic Task Thread"        [id=20896, stack(0x0000003984200000,0x0000003984300000) (1024K)]
  0x000001e8c2e31880 WorkerThread "GC Thread#0"                     [id=21400, stack(0x0000003983d00000,0x0000003983e00000) (1024K)]
  0x000001e8e84ca1c0 WorkerThread "GC Thread#1"                     [id=5680, stack(0x0000003985100000,0x0000003985200000) (1024K)]
  0x000001e8e84a7750 WorkerThread "GC Thread#2"                     [id=5076, stack(0x0000003985200000,0x0000003985300000) (1024K)]
  0x000001e8e84a7b00 WorkerThread "GC Thread#3"                     [id=21432, stack(0x0000003985300000,0x0000003985400000) (1024K)]
  0x000001e8e84d4d60 WorkerThread "GC Thread#4"                     [id=18500, stack(0x0000003985400000,0x0000003985500000) (1024K)]
  0x000001e8e84d5520 WorkerThread "GC Thread#5"                     [id=21708, stack(0x0000003985500000,0x0000003985600000) (1024K)]
  0x000001e8e84a5390 WorkerThread "GC Thread#6"                     [id=17500, stack(0x0000003985600000,0x0000003985700000) (1024K)]
  0x000001e8e856ff50 WorkerThread "GC Thread#7"                     [id=22336, stack(0x0000003985700000,0x0000003985800000) (1024K)]
  0x000001e8c2e43fe0 ConcurrentGCThread "G1 Main Marker"            [id=5460, stack(0x0000003983e00000,0x0000003983f00000) (1024K)]
  0x000001e8c2e451a0 WorkerThread "G1 Conc#0"                       [id=18644, stack(0x0000003983f00000,0x0000003984000000) (1024K)]
  0x000001e8e856f440 WorkerThread "G1 Conc#1"                       [id=20048, stack(0x0000003986000000,0x0000003986100000) (1024K)]
  0x000001e8c2e7ea20 ConcurrentGCThread "G1 Refine#0"               [id=20320, stack(0x0000003984000000,0x0000003984100000) (1024K)]
  0x000001e8e3bb6600 ConcurrentGCThread "G1 Service"                [id=20928, stack(0x0000003984100000,0x0000003984200000) (1024K)]
Total: 15

Threads with active compile tasks:
C2 CompilerThread0  6727 2153       4       java.lang.invoke.MethodType::makeImpl (109 bytes)
C2 CompilerThread1  6727 2446   !   4       sun.instrument.TransformerManager::transform (100 bytes)
Total: 2

VM state: not at safepoint (normal execution)

VM Mutex/Monitor currently owned by a thread: None

Heap address: 0x0000000705200000, size: 4014 MB, Compressed Oops mode: Zero based, Oop shift amount: 3

CDS archive(s) mapped at: [0x000001e880000000-0x000001e880c60000-0x000001e880c60000), size 12976128, SharedBaseAddress: 0x000001e880000000, ArchiveRelocationMode: 1.
Compressed class space mapped at: 0x000001e881000000-0x000001e8c1000000, reserved size: 1073741824
Narrow klass base: 0x000001e880000000, Narrow klass shift: 0, Narrow klass range: 0x41000000

GC Precious Log:
 CardTable entry size: 512
 Card Set container configuration: InlinePtr #cards 4 size 8 Array Of Cards #cards 16 size 48 Howl #buckets 8 coarsen threshold 3686 Howl Bitmap #cards 512 size 80 coarsen threshold 460 Card regions per heap region 1 cards per card region 4096
 CPUs: 8 total, 8 available
 Memory: 16053M
 Large Page Support: Disabled
 NUMA Support: Disabled
 Compressed Oops: Enabled (Zero based)
 Heap Region Size: 2M
 Heap Min Capacity: 8M
 Heap Initial Capacity: 252M
 Heap Max Capacity: 4014M
 Pre-touch: Disabled
 Parallel Workers: 8
 Concurrent Workers: 2
 Concurrent Refinement Workers: 8
 Periodic GC: Disabled

Heap:
 garbage-first heap   total reserved 4110336K, committed 40960K, used 14122K [0x0000000705200000, 0x0000000800000000)
  region size 2048K, 6 young (12288K), 3 survivors (6144K)
 Metaspace       used 22062K, committed 22528K, reserved 1114112K
  class space    used 2525K, committed 2688K, reserved 1048576K

Heap Regions: E=young(eden), S=young(survivor), O=old, HS=humongous(starts), HC=humongous(continues), CS=collection set, F=free, TAMS=top-at-mark-start, PB=parsable bottom
|   0|0x0000000705200000, 0x0000000705400000, 0x0000000705400000|100%| O|  |TAMS 0x0000000705200000| PB 0x0000000705200000| Untracked |  0
|   1|0x0000000705400000, 0x0000000705600000, 0x0000000705600000|100%| O|  |TAMS 0x0000000705400000| PB 0x0000000705400000| Untracked |  0
|   2|0x0000000705600000, 0x0000000705730f00, 0x0000000705800000| 59%| O|Cm|TAMS 0x0000000705600000| PB 0x0000000705600000| Complete |  0
|   3|0x0000000705800000, 0x0000000705800000, 0x0000000705a00000|  0%| F|  |TAMS 0x0000000705800000| PB 0x0000000705800000| Untracked |  0
|   4|0x0000000705a00000, 0x0000000705a00000, 0x0000000705c00000|  0%| F|  |TAMS 0x0000000705a00000| PB 0x0000000705a00000| Untracked |  0
|   5|0x0000000705c00000, 0x0000000705c00000, 0x0000000705e00000|  0%| F|  |TAMS 0x0000000705c00000| PB 0x0000000705c00000| Untracked |  0
|   6|0x0000000705e00000, 0x0000000705e00000, 0x0000000706000000|  0%| F|  |TAMS 0x0000000705e00000| PB 0x0000000705e00000| Untracked |  0
|   7|0x0000000706000000, 0x0000000706000000, 0x0000000706200000|  0%| F|  |TAMS 0x0000000706000000| PB 0x0000000706000000| Untracked |  0
|   8|0x0000000706200000, 0x0000000706200000, 0x0000000706400000|  0%| F|  |TAMS 0x0000000706200000| PB 0x0000000706200000| Untracked |  0
|   9|0x0000000706400000, 0x0000000706400000, 0x0000000706600000|  0%| F|  |TAMS 0x0000000706400000| PB 0x0000000706400000| Untracked |  0
|  10|0x0000000706600000, 0x0000000706600000, 0x0000000706800000|  0%| F|  |TAMS 0x0000000706600000| PB 0x0000000706600000| Untracked |  0
|  11|0x0000000706800000, 0x0000000706800000, 0x0000000706a00000|  0%| F|  |TAMS 0x0000000706800000| PB 0x0000000706800000| Untracked |  0
|  12|0x0000000706a00000, 0x0000000706a00000, 0x0000000706c00000|  0%| F|  |TAMS 0x0000000706a00000| PB 0x0000000706a00000| Untracked |  0
|  13|0x0000000706c00000, 0x0000000706c00000, 0x0000000706e00000|  0%| F|  |TAMS 0x0000000706c00000| PB 0x0000000706c00000| Untracked |  0
|  14|0x0000000706e00000, 0x0000000707000000, 0x0000000707000000|100%| E|  |TAMS 0x0000000706e00000| PB 0x0000000706e00000| Complete |  0
|  15|0x0000000707000000, 0x0000000707200000, 0x0000000707200000|100%| E|CS|TAMS 0x0000000707000000| PB 0x0000000707000000| Complete |  0
| 116|0x0000000713a00000, 0x0000000713a99940, 0x0000000713c00000| 29%| S|CS|TAMS 0x0000000713a00000| PB 0x0000000713a00000| Complete |  0
| 117|0x0000000713c00000, 0x0000000713e00000, 0x0000000713e00000|100%| S|CS|TAMS 0x0000000713c00000| PB 0x0000000713c00000| Complete |  0
| 118|0x0000000713e00000, 0x0000000714000000, 0x0000000714000000|100%| S|CS|TAMS 0x0000000713e00000| PB 0x0000000713e00000| Complete |  0
| 125|0x0000000714c00000, 0x0000000714e00000, 0x0000000714e00000|100%| E|CS|TAMS 0x0000000714c00000| PB 0x0000000714c00000| Complete |  0

Card table byte_map: [0x000001e8dcb90000,0x000001e8dd370000] _byte_map_base: 0x000001e8d9367000

Marking Bits: (CMBitMap*) 0x000001e8c2e31da0
 Bits: [0x000001e8dd370000, 0x000001e8e1228000)

Polling page: 0x000001e8c2b50000

Metaspace:

Usage:
  Non-class:     19.09 MB used.
      Class:      2.47 MB used.
       Both:     21.55 MB used.

Virtual space:
  Non-class space:       64.00 MB reserved,      19.38 MB ( 30%) committed,  1 nodes.
      Class space:        1.00 GB reserved,       2.62 MB ( <1%) committed,  1 nodes.
             Both:        1.06 GB reserved,      22.00 MB (  2%) committed. 

Chunk freelists:
   Non-Class:  12.04 MB
       Class:  13.34 MB
        Both:  25.39 MB

MaxMetaspaceSize: unlimited
CompressedClassSpaceSize: 1.00 GB
Initial GC threshold: 21.00 MB
Current GC threshold: 35.12 MB
CDS: on
 - commit_granule_bytes: 65536.
 - commit_granule_words: 8192.
 - virtual_space_node_default_size: 8388608.
 - enlarge_chunks_in_place: 1.
 - use_allocation_guard: 0.


Internal statistics:

num_allocs_failed_limit: 3.
num_arena_births: 506.
num_arena_deaths: 2.
num_vsnodes_births: 2.
num_vsnodes_deaths: 0.
num_space_committed: 352.
num_space_uncommitted: 0.
num_chunks_returned_to_freelist: 6.
num_chunks_taken_from_freelist: 1011.
num_chunk_merges: 0.
num_chunk_splits: 571.
num_chunks_enlarged: 288.
num_inconsistent_stats: 0.

CodeHeap 'non-profiled nmethods': size=120000Kb used=930Kb max_used=930Kb free=119069Kb
 bounds [0x000001e8d43f0000, 0x000001e8d4660000, 0x000001e8db920000]
CodeHeap 'profiled nmethods': size=120000Kb used=4782Kb max_used=4782Kb free=115217Kb
 bounds [0x000001e8cc920000, 0x000001e8ccdd0000, 0x000001e8d3e50000]
CodeHeap 'non-nmethods': size=5760Kb used=1553Kb max_used=1586Kb free=4206Kb
 bounds [0x000001e8d3e50000, 0x000001e8d40c0000, 0x000001e8d43f0000]
 total_blobs=3134 nmethods=2519 adapters=519
 compilation: enabled
              stopped_count=0, restarted_count=0
 full_count=0

Compilation events (20 events):
Event: 5.572 Thread 0x000001e8e3d45b40 2432       3       java.util.logging.LogManager::getProperty (9 bytes)
Event: 5.572 Thread 0x000001e8e3d45b40 nmethod 2432 0x000001e8ccd99890 code [0x000001e8ccd99a40, 0x000001e8ccd99c20]
Event: 5.572 Thread 0x000001e8e3d45b40 2433       3       java.lang.Math::addExact (32 bytes)
Event: 5.573 Thread 0x000001e8e3d45b40 nmethod 2433 0x000001e8ccd99d10 code [0x000001e8ccd99ec0, 0x000001e8ccd9a0c0]
Event: 5.574 Thread 0x000001e8e9592420 2434       4       org.jetbrains.capture.org.objectweb.asm.ClassReader::getItem (7 bytes)
Event: 5.574 Thread 0x000001e8e3d45b40 2435       3       org.jetbrains.capture.org.objectweb.asm.SymbolTable::hash (20 bytes)
Event: 5.574 Thread 0x000001e8e3d45b40 nmethod 2435 0x000001e8ccd9a190 code [0x000001e8ccd9a340, 0x000001e8ccd9a500]
Event: 5.575 Thread 0x000001e8e9592420 nmethod 2434 0x000001e8d44cdd90 code [0x000001e8d44cdf20, 0x000001e8d44cdff0]
Event: 5.575 Thread 0x000001e8e3d45b40 2436       3       org.jetbrains.capture.org.objectweb.asm.Frame::execute (2318 bytes)
Event: 5.581 Thread 0x000001e8e3d45b40 nmethod 2436 0x000001e8ccd9a690 code [0x000001e8ccd9b4c0, 0x000001e8ccda19d8]
Event: 5.581 Thread 0x000001e8e3d45b40 2439       3       java.lang.invoke.MemberName$Factory::resolveOrNull (54 bytes)
Event: 5.581 Thread 0x000001e8e3d45b40 nmethod 2439 0x000001e8ccda3690 code [0x000001e8ccda3860, 0x000001e8ccda3b00]
Event: 5.581 Thread 0x000001e8e3d45b40 2437       3       org.jetbrains.capture.org.objectweb.asm.SymbolTable$Entry::<init> (20 bytes)
Event: 5.582 Thread 0x000001e8e3d45b40 nmethod 2437 0x000001e8ccda3c10 code [0x000001e8ccda3dc0, 0x000001e8ccda3f18]
Event: 5.582 Thread 0x000001e8e3d45b40 2438       1       org.jetbrains.capture.org.objectweb.asm.MethodWriter::hasAsmInstructions (5 bytes)
Event: 5.582 Thread 0x000001e8e3d45b40 nmethod 2438 0x000001e8d44ce090 code [0x000001e8d44ce220, 0x000001e8d44ce2f0]
Event: 5.583 Thread 0x000001e8e3d45b40 2440       3       java.net.URI$Parser::scan (76 bytes)
Event: 5.584 Thread 0x000001e8e3d45b40 nmethod 2440 0x000001e8ccda4010 code [0x000001e8ccda4240, 0x000001e8ccda4ac0]
Event: 5.611 Thread 0x000001e8e3d45b40 2441       3       java.net.URI$Parser::at (23 bytes)
Event: 5.612 Thread 0x000001e8e3d45b40 nmethod 2441 0x000001e8ccda4f10 code [0x000001e8ccda5100, 0x000001e8ccda5718]

GC Heap History (4 events):
Event: 1.153 GC heap before
{Heap before GC invocations=0 (full 0):
 garbage-first heap   total reserved 4110336K, committed 258048K, used 22528K [0x0000000705200000, 0x0000000800000000)
  region size 2048K, 12 young (24576K), 0 survivors (0K)
 Metaspace       used 8835K, committed 9024K, reserved 1114112K
  class space    used 927K, committed 1024K, reserved 1048576K
}
Event: 1.158 GC heap after
{Heap after GC invocations=1 (full 0):
 garbage-first heap   total reserved 4110336K, committed 258048K, used 5634K [0x0000000705200000, 0x0000000800000000)
  region size 2048K, 2 young (4096K), 2 survivors (4096K)
 Metaspace       used 8835K, committed 9024K, reserved 1114112K
  class space    used 927K, committed 1024K, reserved 1048576K
}
Event: 5.355 GC heap before
{Heap before GC invocations=1 (full 0):
 garbage-first heap   total reserved 4110336K, committed 258048K, used 40450K [0x0000000705200000, 0x0000000800000000)
  region size 2048K, 20 young (40960K), 2 survivors (4096K)
 Metaspace       used 18683K, committed 19136K, reserved 1114112K
  class space    used 2072K, committed 2240K, reserved 1048576K
}
Event: 5.365 GC heap after
{Heap after GC invocations=2 (full 0):
 garbage-first heap   total reserved 4110336K, committed 258048K, used 9821K [0x0000000705200000, 0x0000000800000000)
  region size 2048K, 3 young (6144K), 3 survivors (6144K)
 Metaspace       used 18683K, committed 19136K, reserved 1114112K
  class space    used 2072K, committed 2240K, reserved 1048576K
}

Dll operation events (13 events):
Event: 0.017 Loaded shared library C:\Users\Mohamed-Elsharkawy\.jdks\corretto-22.0.2\bin\java.dll
Event: 0.019 Loaded shared library C:\Users\Mohamed-Elsharkawy\.jdks\corretto-22.0.2\bin\zip.dll
Event: 0.061 Loaded shared library C:\Users\Mohamed-Elsharkawy\.jdks\corretto-22.0.2\bin\jsvml.dll
Event: 0.212 Loaded shared library C:\Users\Mohamed-Elsharkawy\.jdks\corretto-22.0.2\bin\instrument.dll
Event: 0.279 Loaded shared library C:\Users\Mohamed-Elsharkawy\.jdks\corretto-22.0.2\bin\net.dll
Event: 0.281 Loaded shared library C:\Users\Mohamed-Elsharkawy\.jdks\corretto-22.0.2\bin\nio.dll
Event: 0.291 Loaded shared library C:\Users\Mohamed-Elsharkawy\.jdks\corretto-22.0.2\bin\zip.dll
Event: 0.313 Loaded shared library C:\Users\Mohamed-Elsharkawy\.jdks\corretto-22.0.2\bin\extnet.dll
Event: 0.500 Loaded shared library C:\Users\Mohamed-Elsharkawy\.jdks\corretto-22.0.2\bin\verify.dll
Event: 0.509 Loaded shared library C:\Users\Mohamed-Elsharkawy\.jdks\corretto-22.0.2\bin\jimage.dll
Event: 1.842 Loaded shared library C:\Users\Mohamed-Elsharkawy\.jdks\corretto-22.0.2\bin\management.dll
Event: 1.846 Loaded shared library C:\Users\Mohamed-Elsharkawy\.jdks\corretto-22.0.2\bin\management_ext.dll
Event: 5.458 Loaded shared library C:\Users\Mohamed-Elsharkawy\.jdks\corretto-22.0.2\bin\sunmscapi.dll

Deoptimization events (20 events):
Event: 5.525 Thread 0x000001e8c1ab5150 Uncommon trap: trap_request=0xffffffde fr.pc=0x000001e8d448aca4 relative=0x0000000000000084
Event: 5.525 Thread 0x000001e8c1ab5150 Uncommon trap: reason=class_check action=maybe_recompile pc=0x000001e8d448aca4 method=jdk.internal.misc.Blocker.begin()J @ 11 c2
Event: 5.525 Thread 0x000001e8c1ab5150 DEOPT PACKING pc=0x000001e8d448aca4 sp=0x0000003985aff030
Event: 5.525 Thread 0x000001e8c1ab5150 DEOPT UNPACKING pc=0x000001e8d3ea46a2 sp=0x0000003985afef88 mode 2
Event: 5.551 Thread 0x000001e8c290cb40 Uncommon trap: trap_request=0xffffffc6 fr.pc=0x000001e8d44969d8 relative=0x0000000000000678
Event: 5.551 Thread 0x000001e8c290cb40 Uncommon trap: reason=bimorphic_or_optimized_type_check action=maybe_recompile pc=0x000001e8d44969d8 method=java.util.regex.Pattern$BmpCharPropertyGreedy.match(Ljava/util/regex/Matcher;ILjava/lang/CharSequence;)Z @ 26 c2
Event: 5.551 Thread 0x000001e8c290cb40 DEOPT PACKING pc=0x000001e8d44969d8 sp=0x0000003983cfcd10
Event: 5.551 Thread 0x000001e8c290cb40 DEOPT UNPACKING pc=0x000001e8d3ea46a2 sp=0x0000003983cfcce8 mode 2
Event: 5.551 Thread 0x000001e8c290cb40 Uncommon trap: trap_request=0xffffff45 fr.pc=0x000001e8d44bbffc relative=0x000000000000027c
Event: 5.551 Thread 0x000001e8c290cb40 Uncommon trap: reason=unstable_if action=reinterpret pc=0x000001e8d44bbffc method=java.util.regex.Pattern$BmpCharProperty.match(Ljava/util/regex/Matcher;ILjava/lang/CharSequence;)Z @ 5 c2
Event: 5.551 Thread 0x000001e8c290cb40 DEOPT PACKING pc=0x000001e8d44bbffc sp=0x0000003983cfccb0
Event: 5.551 Thread 0x000001e8c290cb40 DEOPT UNPACKING pc=0x000001e8d3ea46a2 sp=0x0000003983cfcc68 mode 2
Event: 5.551 Thread 0x000001e8c290cb40 Uncommon trap: trap_request=0xffffffc6 fr.pc=0x000001e8d44969d8 relative=0x0000000000000678
Event: 5.551 Thread 0x000001e8c290cb40 Uncommon trap: reason=bimorphic_or_optimized_type_check action=maybe_recompile pc=0x000001e8d44969d8 method=java.util.regex.Pattern$BmpCharPropertyGreedy.match(Ljava/util/regex/Matcher;ILjava/lang/CharSequence;)Z @ 26 c2
Event: 5.551 Thread 0x000001e8c290cb40 DEOPT PACKING pc=0x000001e8d44969d8 sp=0x0000003983cfcd10
Event: 5.551 Thread 0x000001e8c290cb40 DEOPT UNPACKING pc=0x000001e8d3ea46a2 sp=0x0000003983cfcce8 mode 2
Event: 5.566 Thread 0x000001e8c290cb40 Uncommon trap: trap_request=0xffffff45 fr.pc=0x000001e8d448f6f4 relative=0x0000000000000074
Event: 5.566 Thread 0x000001e8c290cb40 Uncommon trap: reason=unstable_if action=reinterpret pc=0x000001e8d448f6f4 method=java.lang.ref.ReferenceQueue.poll()Ljava/lang/ref/Reference; @ 4 c2
Event: 5.566 Thread 0x000001e8c290cb40 DEOPT PACKING pc=0x000001e8d448f6f4 sp=0x0000003983cfd7e0
Event: 5.566 Thread 0x000001e8c290cb40 DEOPT UNPACKING pc=0x000001e8d3ea46a2 sp=0x0000003983cfd770 mode 2

Classes loaded (20 events):
Event: 5.584 Loading class sun/net/NetworkClient
Event: 5.584 Loading class sun/net/NetworkClient done
Event: 5.584 Loading class sun/net/www/http/HttpClient done
Event: 5.584 Loading class sun/net/NetworkClient$1
Event: 5.584 Loading class sun/net/NetworkClient$1 done
Event: 5.584 Loading class sun/net/www/http/KeepAliveCache
Event: 5.585 Loading class sun/net/www/http/KeepAliveCache done
Event: 5.585 Loading class sun/net/www/http/KeepAliveKey
Event: 5.585 Loading class sun/net/www/http/KeepAliveKey done
Event: 5.585 Loading class sun/net/www/http/HttpCapture
Event: 5.585 Loading class sun/net/www/http/HttpCapture done
Event: 5.585 Loading class sun/net/www/http/HttpCapture$1
Event: 5.585 Loading class sun/net/www/http/HttpCapture$1 done
Event: 5.586 Loading class sun/net/util/SocketExceptions
Event: 5.586 Loading class sun/net/util/SocketExceptions done
Event: 5.641 Loading class java/net/Socket$SocketOutputStream
Event: 5.641 Loading class java/net/Socket$SocketOutputStream done
Event: 5.641 Loading class sun/nio/ch/NioSocketImpl$2
Event: 5.641 Loading class sun/nio/ch/NioSocketImpl$2 done
Event: 5.642 Loading class sun/net/www/protocol/http/AuthenticationInfo

Classes unloaded (0 events):
No events

Classes redefined (1 events):
Event: 0.252 Thread 0x000001e8e3cfcbb0 redefined class name=java.lang.Throwable, count=1

Internal exceptions (20 events):
Event: 3.062 Thread 0x000001e8c290cb40 Exception <a 'java/lang/NoSuchMethodError'{0x0000000712dc4de8}: 'void java.lang.invoke.DelegatingMethodHandle$Holder.delegate(java.lang.Object, java.lang.Object, int, java.lang.Object)'> (0x0000000712dc4de8) 
thrown [s\src\hotspot\share\interpreter\linkResolver.cpp, line 774]
Event: 3.066 Thread 0x000001e8c290cb40 Exception <a 'java/lang/NoSuchMethodError'{0x0000000712de3f88}: 'int java.lang.invoke.DirectMethodHandle$Holder.invokeVirtual(java.lang.Object, java.lang.Object, java.lang.Object)'> (0x0000000712de3f88) 
thrown [s\src\hotspot\share\interpreter\linkResolver.cpp, line 774]
Event: 3.067 Thread 0x000001e8c290cb40 Exception <a 'java/lang/NoSuchMethodError'{0x0000000712de8578}: 'int java.lang.invoke.DirectMethodHandle$Holder.invokeStaticInit(java.lang.Object, int, int)'> (0x0000000712de8578) 
thrown [s\src\hotspot\share\interpreter\linkResolver.cpp, line 774]
Event: 3.068 Thread 0x000001e8c290cb40 Exception <a 'java/lang/NoSuchMethodError'{0x0000000712defd20}: 'int java.lang.invoke.DirectMethodHandle$Holder.invokeStaticInit(java.lang.Object, long, long)'> (0x0000000712defd20) 
thrown [s\src\hotspot\share\interpreter\linkResolver.cpp, line 774]
Event: 3.069 Thread 0x000001e8c290cb40 Exception <a 'java/lang/NoSuchMethodError'{0x0000000712df6a68}: 'int java.lang.invoke.DirectMethodHandle$Holder.invokeStaticInit(java.lang.Object, float, float)'> (0x0000000712df6a68) 
thrown [s\src\hotspot\share\interpreter\linkResolver.cpp, line 774]
Event: 3.069 Thread 0x000001e8c290cb40 Exception <a 'java/lang/NoSuchMethodError'{0x0000000712dfd7a8}: 'int java.lang.invoke.DirectMethodHandle$Holder.invokeStaticInit(java.lang.Object, double, double)'> (0x0000000712dfd7a8) 
thrown [s\src\hotspot\share\interpreter\linkResolver.cpp, line 774]
Event: 3.070 Thread 0x000001e8c290cb40 Exception <a 'java/lang/NoSuchMethodError'{0x0000000712a022a0}: 'int java.lang.invoke.DirectMethodHandle$Holder.invokeStatic(java.lang.Object, long)'> (0x0000000712a022a0) 
thrown [s\src\hotspot\share\interpreter\linkResolver.cpp, line 774]
Event: 3.073 Thread 0x000001e8c290cb40 Exception <a 'java/lang/NoSuchMethodError'{0x0000000712a16b70}: 'int java.lang.invoke.DirectMethodHandle$Holder.invokeSpecial(java.lang.Object, java.lang.Object, java.lang.Object, java.lang.Object)'> (0x0000000712a16b70) 
thrown [s\src\hotspot\share\interpreter\linkResolver.cpp, line 774]
Event: 3.075 Thread 0x000001e8c290cb40 Exception <a 'java/lang/NoSuchMethodError'{0x0000000712a28480}: 'java.lang.Object java.lang.invoke.DirectMethodHandle$Holder.invokeStatic(java.lang.Object, int, java.lang.Object, java.lang.Object)'> (0x0000000712a28480) 
thrown [s\src\hotspot\share\interpreter\linkResolver.cpp, line 774]
Event: 3.076 Thread 0x000001e8c290cb40 Exception <a 'java/lang/NoSuchMethodError'{0x0000000712a2c3e0}: 'java.lang.Object java.lang.invoke.DirectMethodHandle$Holder.invokeSpecial(java.lang.Object, java.lang.Object, int, java.lang.Object, java.lang.Object)'> (0x0000000712a2c3e0) 
thrown [s\src\hotspot\share\interpreter\linkResolver.cpp, line 774]
Event: 3.076 Thread 0x000001e8c290cb40 Exception <a 'java/lang/NoSuchMethodError'{0x0000000712a2fe40}: 'java.lang.Object java.lang.invoke.DelegatingMethodHandle$Holder.delegate(java.lang.Object, int, java.lang.Object, java.lang.Object)'> (0x0000000712a2fe40) 
thrown [s\src\hotspot\share\interpreter\linkResolver.cpp, line 774]
Event: 3.077 Thread 0x000001e8c290cb40 Exception <a 'java/lang/NoSuchMethodError'{0x0000000712a40548}: 'int java.lang.invoke.Invokers$Holder.linkToTargetMethod(java.lang.Object, java.lang.Object, java.lang.Object)'> (0x0000000712a40548) 
thrown [s\src\hotspot\share\interpreter\linkResolver.cpp, line 774]
Event: 3.082 Thread 0x000001e8c290cb40 Exception <a 'java/lang/NoSuchMethodError'{0x0000000712a57dc0}: 'long java.lang.invoke.DirectMethodHandle$Holder.invokeSpecial(java.lang.Object, java.lang.Object)'> (0x0000000712a57dc0) 
thrown [s\src\hotspot\share\interpreter\linkResolver.cpp, line 774]
Event: 4.168 Thread 0x000001e8c290cb40 Exception <a 'sun/nio/fs/WindowsException'{0x0000000712bb66e0}> (0x0000000712bb66e0) 
thrown [s\src\hotspot\share\prims\jni.cpp, line 520]
Event: 5.548 Thread 0x000001e8c290cb40 Exception <a 'java/lang/NoSuchMethodError'{0x0000000714418e78}: 'java.lang.Object java.lang.invoke.DirectMethodHandle$Holder.invokeInterface(java.lang.Object, java.lang.Object, java.lang.Object)'> (0x0000000714418e78) 
thrown [s\src\hotspot\share\interpreter\linkResolver.cpp, line 774]
Event: 5.548 Thread 0x000001e8c290cb40 Exception <a 'java/lang/IncompatibleClassChangeError'{0x000000071441c290}: Found class java.lang.Object, but interface was expected> (0x000000071441c290) 
thrown [s\src\hotspot\share\interpreter\linkResolver.cpp, line 841]
Event: 5.550 Thread 0x000001e8c290cb40 Exception <a 'java/lang/NoSuchMethodError'{0x00000007144248e8}: 'int java.lang.invoke.DirectMethodHandle$Holder.invokeSpecialIFC(java.lang.Object, java.lang.Object, java.lang.Object, java.lang.Object)'> (0x00000007144248e8) 
thrown [s\src\hotspot\share\interpreter\linkResolver.cpp, line 774]
Event: 5.555 Thread 0x000001e8c290cb40 Exception <a 'java/lang/NoSuchMethodError'{0x00000007144483b8}: 'java.lang.Object java.lang.invoke.DirectMethodHandle$Holder.invokeVirtual(java.lang.Object, java.lang.Object, java.lang.Object, java.lang.Object)'> (0x00000007144483b8) 
thrown [s\src\hotspot\share\interpreter\linkResolver.cpp, line 774]
Event: 5.586 Thread 0x000001e8c1abba50 Exception <a 'java/net/ConnectException'{0x00000007142e3798}: Connection refused: getsockopt> (0x00000007142e3798) 
thrown [s\src\hotspot\share\prims\jni.cpp, line 539]
Event: 5.612 Thread 0x000001e8c1abba50 Exception <a 'java/net/ConnectException'{0x00000007142e5138}: Connection refused: getsockopt> (0x00000007142e5138) 
thrown [s\src\hotspot\share\prims\jni.cpp, line 539]

ZGC Phase Switch (0 events):
No events

VM Operations (20 events):
Event: 2.863 Executing VM operation: Cleanup done
Event: 3.060 Executing VM operation: HandshakeAllThreads (Deoptimize)
Event: 3.060 Executing VM operation: HandshakeAllThreads (Deoptimize) done
Event: 3.090 Executing VM operation: HandshakeAllThreads (Deoptimize)
Event: 3.090 Executing VM operation: HandshakeAllThreads (Deoptimize) done
Event: 4.093 Executing VM operation: Cleanup
Event: 4.124 Executing VM operation: Cleanup done
Event: 4.173 Executing VM operation: HandshakeAllThreads (Deoptimize)
Event: 4.173 Executing VM operation: HandshakeAllThreads (Deoptimize) done
Event: 5.174 Executing VM operation: Cleanup
Event: 5.267 Executing VM operation: Cleanup done
Event: 5.288 Executing VM operation: HandshakeAllThreads (Deoptimize)
Event: 5.288 Executing VM operation: HandshakeAllThreads (Deoptimize) done
Event: 5.354 Executing VM operation: G1CollectForAllocation (G1 Evacuation Pause)
Event: 5.365 Executing VM operation: G1CollectForAllocation (G1 Evacuation Pause) done
Event: 5.567 Executing VM operation: HandshakeAllThreads (Deoptimize)
Event: 5.567 Executing VM operation: HandshakeAllThreads (Deoptimize) done
Event: 5.567 Executing VM operation: HandshakeAllThreads (Deoptimize)
Event: 5.567 Executing VM operation: HandshakeAllThreads (Deoptimize) done
Event: 6.574 Executing VM operation: Cleanup

Memory protections (0 events):
No events

Nmethod flushes (0 events):
No events

Events (20 events):
Event: 0.057 Thread 0x000001e8c290cb40 Thread added: 0x000001e8e3d378d0
Event: 0.058 Thread 0x000001e8c290cb40 Thread added: 0x000001e8e3d45b40
Event: 0.179 Thread 0x000001e8c290cb40 Thread added: 0x000001e8c1206ff0
Event: 0.256 Thread 0x000001e8c290cb40 Thread added: 0x000001e8c12090c0
Event: 0.295 Thread 0x000001e8c290cb40 Thread added: 0x000001e8c1206960
Event: 0.295 Thread 0x000001e8c290cb40 Thread added: 0x000001e8c1209750
Event: 0.446 Thread 0x000001e8e3d45b40 Thread added: 0x000001e8c1518d30
Event: 1.659 Thread 0x000001e8e3d45b40 Thread added: 0x000001e8e8dcddf0
Event: 1.894 Thread 0x000001e8c290cb40 Thread added: 0x000001e8c1ab78b0
Event: 2.982 Thread 0x000001e8e8dcddf0 Thread exited: 0x000001e8e8dcddf0
Event: 2.983 Thread 0x000001e8c1ab78b0 Thread exited: 0x000001e8c1ab78b0
Event: 2.985 Thread 0x000001e8c1518d30 Thread exited: 0x000001e8c1518d30
Event: 3.032 Thread 0x000001e8c290cb40 Thread added: 0x000001e8c1ab78b0
Event: 4.238 Thread 0x000001e8e3d45b40 Thread added: 0x000001e8e93e1ad0
Event: 5.388 Thread 0x000001e8e3d45b40 Thread added: 0x000001e8e9592420
Event: 5.524 Thread 0x000001e8c290cb40 Thread added: 0x000001e8c1ab5150
Event: 5.563 Thread 0x000001e8c290cb40 Thread added: 0x000001e8c1abc0e0
Event: 5.568 Thread 0x000001e8c290cb40 Thread added: 0x000001e8c1abb3c0
Event: 5.569 Thread 0x000001e8c290cb40 Thread added: 0x000001e8c1aba010
Event: 5.577 Thread 0x000001e8c1abb3c0 Thread added: 0x000001e8c1abba50


Dynamic libraries:
0x00007ff7840e0000 - 0x00007ff7840ee000 	C:\Users\Mohamed-Elsharkawy\.jdks\corretto-22.0.2\bin\java.exe
0x00007ffa45cc0000 - 0x00007ffa45f27000 	C:\Windows\SYSTEM32\ntdll.dll
0x00007ffa44b70000 - 0x00007ffa44c39000 	C:\Windows\System32\KERNEL32.DLL
0x00007ffa42ff0000 - 0x00007ffa433df000 	C:\Windows\System32\KERNELBASE.dll
0x00007ffa43910000 - 0x00007ffa43a5b000 	C:\Windows\System32\ucrtbase.dll
0x00007ffa274b0000 - 0x00007ffa274cb000 	C:\Users\Mohamed-Elsharkawy\.jdks\corretto-22.0.2\bin\VCRUNTIME140.dll
0x00007ffa27500000 - 0x00007ffa27517000 	C:\Users\Mohamed-Elsharkawy\.jdks\corretto-22.0.2\bin\jli.dll
0x00007ffa45aa0000 - 0x00007ffa45c65000 	C:\Windows\System32\USER32.dll
0x00007ffa2d0b0000 - 0x00007ffa2d343000 	C:\Windows\WinSxS\amd64_microsoft.windows.common-controls_6595b64144ccf1df_6.0.26100.7309_none_3e05feeae336a044\COMCTL32.dll
0x00007ffa433f0000 - 0x00007ffa43417000 	C:\Windows\System32\win32u.dll
0x00007ffa447d0000 - 0x00007ffa44879000 	C:\Windows\System32\msvcrt.dll
0x00007ffa449b0000 - 0x00007ffa449db000 	C:\Windows\System32\GDI32.dll
0x00007ffa42e10000 - 0x00007ffa42f3c000 	C:\Windows\System32\gdi32full.dll
0x00007ffa42f40000 - 0x00007ffa42fe3000 	C:\Windows\System32\msvcp_win.dll
0x00007ffa44970000 - 0x00007ffa449a1000 	C:\Windows\System32\IMM32.DLL
0x00007ffa3d9b0000 - 0x00007ffa3d9bc000 	C:\Users\Mohamed-Elsharkawy\.jdks\corretto-22.0.2\bin\vcruntime140_1.dll
0x00007ffa041f0000 - 0x00007ffa0427d000 	C:\Users\Mohamed-Elsharkawy\.jdks\corretto-22.0.2\bin\msvcp140.dll
0x00007ff9b27c0000 - 0x00007ff9b3591000 	C:\Users\Mohamed-Elsharkawy\.jdks\corretto-22.0.2\bin\server\jvm.dll
0x00007ffa43b40000 - 0x00007ffa43bf4000 	C:\Windows\System32\ADVAPI32.dll
0x00007ffa44c40000 - 0x00007ffa44ce6000 	C:\Windows\System32\sechost.dll
0x00007ffa43d20000 - 0x00007ffa43e38000 	C:\Windows\System32\RPCRT4.dll
0x00007ffa449f0000 - 0x00007ffa44a64000 	C:\Windows\System32\WS2_32.dll
0x00007ffa42c70000 - 0x00007ffa42cce000 	C:\Windows\SYSTEM32\POWRPROF.dll
0x00007ffa380a0000 - 0x00007ffa380ab000 	C:\Windows\SYSTEM32\VERSION.dll
0x00007ffa31970000 - 0x00007ffa319a5000 	C:\Windows\SYSTEM32\WINMM.dll
0x00007ffa42c50000 - 0x00007ffa42c64000 	C:\Windows\SYSTEM32\UMPDC.dll
0x00007ffa41bc0000 - 0x00007ffa41bdb000 	C:\Windows\SYSTEM32\kernel.appcore.dll
0x00007ffa3d870000 - 0x00007ffa3d87a000 	C:\Users\Mohamed-Elsharkawy\.jdks\corretto-22.0.2\bin\jimage.dll
0x00007ffa402a0000 - 0x00007ffa404e2000 	C:\Windows\SYSTEM32\DBGHELP.DLL
0x00007ffa44f70000 - 0x00007ffa452f6000 	C:\Windows\System32\combase.dll
0x00007ffa43a60000 - 0x00007ffa43b36000 	C:\Windows\System32\OLEAUT32.dll
0x00007ffa24290000 - 0x00007ffa242cc000 	C:\Windows\SYSTEM32\dbgcore.DLL
0x00007ffa43860000 - 0x00007ffa43905000 	C:\Windows\System32\bcryptPrimitives.dll
0x00007ffa3a900000 - 0x00007ffa3a90e000 	C:\Users\Mohamed-Elsharkawy\.jdks\corretto-22.0.2\bin\instrument.dll
0x00007ffa20c60000 - 0x00007ffa20c7e000 	C:\Users\Mohamed-Elsharkawy\.jdks\corretto-22.0.2\bin\java.dll
0x00007ffa43e40000 - 0x00007ffa44593000 	C:\Windows\System32\SHELL32.dll
0x00007ffa436f0000 - 0x00007ffa4385a000 	C:\Windows\System32\wintypes.dll
0x00007ffa45900000 - 0x00007ffa45a97000 	C:\Windows\System32\ole32.dll
0x00007ffa1f020000 - 0x00007ffa1f037000 	C:\Users\Mohamed-Elsharkawy\.jdks\corretto-22.0.2\bin\zip.dll
0x00007ffa40a50000 - 0x00007ffa412ae000 	C:\Windows\SYSTEM32\windows.storage.dll
0x00007ffa44cf0000 - 0x00007ffa44de4000 	C:\Windows\System32\SHCORE.dll
0x00007ffa44b00000 - 0x00007ffa44b66000 	C:\Windows\System32\shlwapi.dll
0x00007ffa42d30000 - 0x00007ffa42d59000 	C:\Windows\SYSTEM32\profapi.dll
0x00007ff9ff1b0000 - 0x00007ff9ff287000 	C:\Users\Mohamed-Elsharkawy\.jdks\corretto-22.0.2\bin\jsvml.dll
0x00007ffa34680000 - 0x00007ffa34690000 	C:\Users\Mohamed-Elsharkawy\.jdks\corretto-22.0.2\bin\net.dll
0x00007ffa42130000 - 0x00007ffa4219b000 	C:\Windows\system32\mswsock.dll
0x00007ffa20c40000 - 0x00007ffa20c56000 	C:\Users\Mohamed-Elsharkawy\.jdks\corretto-22.0.2\bin\nio.dll
0x00007ffa2dc80000 - 0x00007ffa2dc89000 	C:\Users\Mohamed-Elsharkawy\.jdks\corretto-22.0.2\bin\extnet.dll
0x00007ffa2a550000 - 0x00007ffa2a560000 	C:\Users\Mohamed-Elsharkawy\.jdks\corretto-22.0.2\bin\verify.dll
0x00007ffa423f0000 - 0x00007ffa4240b000 	C:\Windows\SYSTEM32\CRYPTSP.dll
0x00007ffa41b20000 - 0x00007ffa41b5a000 	C:\Windows\system32\rsaenh.dll
0x00007ffa421e0000 - 0x00007ffa4220b000 	C:\Windows\SYSTEM32\USERENV.dll
0x00007ffa42d00000 - 0x00007ffa42d2a000 	C:\Windows\SYSTEM32\bcrypt.dll
0x00007ffa42410000 - 0x00007ffa4241c000 	C:\Windows\SYSTEM32\CRYPTBASE.dll
0x00007ffa41620000 - 0x00007ffa41654000 	C:\Windows\SYSTEM32\IPHLPAPI.DLL
0x00007ffa44a70000 - 0x00007ffa44a7a000 	C:\Windows\System32\NSI.dll
0x00007ffa416c0000 - 0x00007ffa417ec000 	C:\Windows\SYSTEM32\DNSAPI.dll
0x00007ffa325b0000 - 0x00007ffa325bb000 	C:\Windows\System32\rasadhlp.dll
0x00007ffa33c30000 - 0x00007ffa33cb6000 	C:\Windows\System32\fwpuclnt.dll
0x00007ffa29e10000 - 0x00007ffa29e19000 	C:\Users\Mohamed-Elsharkawy\.jdks\corretto-22.0.2\bin\management.dll
0x00007ffa26950000 - 0x00007ffa2695b000 	C:\Users\Mohamed-Elsharkawy\.jdks\corretto-22.0.2\bin\management_ext.dll
0x00007ffa449e0000 - 0x00007ffa449e8000 	C:\Windows\System32\PSAPI.DLL
0x00007ffa2c090000 - 0x00007ffa2c09e000 	C:\Users\Mohamed-Elsharkawy\.jdks\corretto-22.0.2\bin\sunmscapi.dll
0x00007ffa434e0000 - 0x00007ffa43657000 	C:\Windows\System32\CRYPT32.dll
0x00007ffa42610000 - 0x00007ffa42640000 	C:\Windows\SYSTEM32\ncrypt.dll
0x00007ffa425c0000 - 0x00007ffa425ff000 	C:\Windows\SYSTEM32\NTASN1.dll
0x00007ffa00fe0000 - 0x00007ffa00fe8000 	C:\Windows\system32\wshunix.dll

dbghelp: loaded successfully - version: 4.0.5 - missing functions: none
symbol engine: initialized successfully - sym options: 0x614 - pdb path: .;C:\Users\Mohamed-Elsharkawy\.jdks\corretto-22.0.2\bin;C:\Windows\SYSTEM32;C:\Windows\WinSxS\amd64_microsoft.windows.common-controls_6595b64144ccf1df_6.0.26100.7309_none_3e05feeae336a044;C:\Users\Mohamed-Elsharkawy\.jdks\corretto-22.0.2\bin\server

VM Arguments:
jvm_args: -javaagent:C:\Users\Mohamed-Elsharkawy\AppData\Local\JetBrains\IdeaIC2025.1\captureAgent\debugger-agent.jar=file:///C:/Users/Mohamed-Elsharkawy/AppData/Local/Temp/capture16664295948359992966.props -ea -Didea.test.cyclic.buffer.size=1048576 -javaagent:D:\IntelliJ IDEA Community Edition 2025.1.4.1\lib\idea_rt.jar=65338 -Dkotlinx.coroutines.debug.enable.creation.stack.trace=false -Ddebugger.agent.enable.coroutines=true -Dkotlinx.coroutines.debug.enable.flows.stack.trace=true -Dkotlinx.coroutines.debug.enable.mutable.state.flows.stack.trace=true -Dfile.encoding=UTF-8 -Dsun.stdout.encoding=UTF-8 -Dsun.stderr.encoding=UTF-8 
java_command: com.intellij.rt.testng.RemoteTestNGStarter -usedefaultlisteners false -socket65337 @w@C:\Users\Mohamed-Elsharkawy\AppData\Local\Temp\idea_working_dirs_testng2.tmp -temp C:\Users\Mohamed-Elsharkawy\AppData\Local\Temp\idea_testng2.tmp
java_class_path (initial): D:\IntelliJ IDEA Community Edition 2025.1.4.1\lib\idea_rt.jar;D:\IntelliJ IDEA Community Edition 2025.1.4.1\plugins\testng\lib\testng-rt.jar;D:\Mohamed Mahmoud Elsharkawy\GraduateProject\target\test-classes;D:\Mohamed Mahmoud Elsharkawy\GraduateProject\target\classes;C:\Users\Mohamed-Elsharkawy\.m2\repository\org\seleniumhq\selenium\selenium-java\4.38.0\selenium-java-4.38.0.jar;C:\Users\Mohamed-Elsharkawy\.m2\repository\org\seleniumhq\selenium\selenium-api\4.38.0\selenium-api-4.38.0.jar;C:\Users\Mohamed-Elsharkawy\.m2\repository\org\jspecify\jspecify\1.0.0\jspecify-1.0.0.jar;C:\Users\Mohamed-Elsharkawy\.m2\repository\org\seleniumhq\selenium\selenium-chrome-driver\4.38.0\selenium-chrome-driver-4.38.0.jar;C:\Users\Mohamed-Elsharkawy\.m2\repository\com\google\auto\service\auto-service-annotations\1.1.1\auto-service-annotations-1.1.1.jar;C:\Users\Mohamed-Elsharkawy\.m2\repository\org\seleniumhq\selenium\selenium-chromium-driver\4.38.0\selenium-chromium-driver-4.38.0.jar;C:\Users\Mohamed-Elsharkawy\.m2\repository\org\seleniumhq\selenium\selenium-json\4.38.0\selenium-json-4.38.0.jar;C:\Users\Mohamed-Elsharkawy\.m2\repository\org\seleniumhq\selenium\selenium-manager\4.38.0\selenium-manager-4.38.0.jar;C:\Users\Mohamed-Elsharkawy\.m2\repository\org\seleniumhq\selenium\selenium-devtools-v140\4.38.0\selenium-devtools-v140-4.38.0.jar;C:\Users\Mohamed-Elsharkawy\.m2\repository\org\seleniumhq\selenium\selenium-devtools-v141\4.38.0\selenium-devtools-v141-4.38.0.jar;C:\Users\Mohamed-Elsharkawy\.m2\repository\org\seleniumhq\selenium\selenium-devtools-v142\4.38.0\selenium-devtools-v142-4.38.0.jar;C:\Users\Mohamed-Elsharkawy\.m2\repository\org\seleniumhq\selenium\selenium-edge-driver\4.38.0\selenium-edge-driver-4.38.0.jar;C:\Users\Mohamed-Elsharkawy\.m2\repository\org\seleniumhq\selenium\selenium-firefox-driver\4.38.0\selenium-firefox-driver-4.38.0.jar;C:\Users\Mohamed-Elsharkawy\.m2\repository\org\seleniumhq\selenium\selenium-http\4.38.0\selenium-http-4.38.0.jar;C:\Users\Mohamed-Elsharkawy\.m2\repository\org\seleniumhq\selenium\selenium-ie-driver\4.38.0\selenium-ie-driver-4.38.0.jar;C:\Users\Mohamed-Elsharkawy\.m2\repository\org\seleniumhq\selenium\selenium-remote-driver\4.38.0\selenium-remote-driver-4.38.0.jar;C:\Users\Mohamed-Elsharkawy\.m2\repository\com\google\guava\guava\33.5.0-jre\guava-33.5.0-jre.jar;C:\Users\Mohamed-Elsharkawy\.m2\repository\com\google\guava\failureaccess\1.0.3\failureaccess-1.0.3.jar;C:\Users\Mohamed-Elsharkawy\.m2\repository\com\google\guava\listenablefuture\9999.0-empty-to-avoid-conflict-with-guava\listenablefuture-9999.0-empty-to-avoid-conflict-with-guava.jar;C:\Users\Mohamed-Elsharkawy\.m2\repository\com\google\errorprone\error_prone_annotations\2.41.0\error_prone_annotations-2.41.0.jar;C:\Users\Mohamed-Elsharkawy\.m2\repository\com\google\j2objc\j2objc-annotations\3.1\j2objc-annotations-3.1.jar;C:\Users\Mohamed-Elsharkawy\.m2\repository\io\opentelemetry\opentelemetry-api\1.55.0\opentelemetry-api-1.55.0.jar;C:\Users\Mohamed-Elsharkawy\.m2\repository\io\opentelemetry\opentelemetry-context\1.55.0\opentelemetry-context-1.55.0.jar;C:\Users\Mohamed-Elsharkawy\.m2\repository\io\opentelemetry\opentelemetry-common\1.55.0\opentelemetry-common-1.55.0.jar;C:\Users\Mohamed-Elsharkawy\.m2\repository\io\opentelemetry\opentelemetry-exporter-logging\1.55.0\opentelemetry-exporter-logging-1.55.0.jar;C:\Users\Mohamed-Elsharkawy\.m2\repository\io\opentelemetry\opentelemetry-sdk-common\1.55.0\opentelemetry-sdk-common-1.55.0.jar;C:\Users\Mohamed-Elsharkawy\.m2\repository\io\opentelemetry\opentelemetry-sdk-extension-autoconfigure-spi\1.55.0\opentelemetry-sdk-extension-autoconfigure-spi-1.55.0.jar;C:\Users\Mohamed-Elsharkawy\.m2\repository\io\opentelemetry\opentelemetry-sdk-extension-autoconfigure\1.55.0\opentelemetry-sdk-extension-autoconfigure-1.55.0.jar;C:\Users\Mohamed-Elsharkawy\.m2\repository\io\opentelemetry\opentelemetry-sdk-trace\1.55.0\opentelemetry-sdk-trace-1.55.0.jar;C:\Users\Mohamed-Elsharkawy\.m2\repository\io\opentelemetry\opentelemetry-sdk\1.55.0\opentelemetry-sdk-1.55.0.jar;C:\Users\Mohamed-Elsharkawy\.m2\repository\io\opentelemetry\opentelemetry-sdk-metrics\1.55.0\opentelemetry-sdk-metrics-1.55.0.jar;C:\Users\Mohamed-Elsharkawy\.m2\repository\io\opentelemetry\opentelemetry-sdk-logs\1.55.0\opentelemetry-sdk-logs-1.55.0.jar;C:\Users\Mohamed-Elsharkawy\.m2\repository\net\bytebuddy\byte-buddy\1.17.8\byte-buddy-1.17.8.jar;C:\Users\Mohamed-Elsharkawy\.m2\repository\org\seleniumhq\selenium\selenium-os\4.38.0\selenium-os-4.38.0.jar;C:\Users\Mohamed-Elsharkawy\.m2\repository\org\apache\commons\commons-exec\1.5.0\commons-exec-1.5.0.jar;C:\Users\Mohamed-Elsharkawy\.m2\repository\org\seleniumhq\selenium\selenium-safari-driver\4.38.0\selenium-safari-driver-4.38.0.jar;C:\Users\Mohamed-Elsharkawy\.m2\repository\org\seleniumhq\selenium\selenium-support\4.38.0\selenium-support-4.38.0.jar;C:\Users\Mohamed-Elsharkawy\.m2\repository\org\testng\testng\7.9.0\testng-7.9.0.jar;C:\Users\Mohamed-Elsharkawy\.m2\repository\org\slf4j\slf4j-api\1.7.36\slf4j-api-1.7.36.jar;C:\Users\Mohamed-Elsharkawy\.m2\repository\com\beust\jcommander\1.82\jcommander-1.82.jar;C:\Users\Mohamed-Elsharkawy\.m2\repository\org\webjars\jquery\3.7.1\jquery-3.7.1.jar;C:\Users\Mohamed-Elsharkawy\.m2\repository\com\aventstack\extentreports\5.0.9\extentreports-5.0.9.jar;C:\Users\Mohamed-Elsharkawy\.m2\repository\io\reactivex\rxjava3\rxjava\3.0.4\rxjava-3.0.4.jar;C:\Users\Mohamed-Elsharkawy\.m2\repository\org\reactivestreams\reactive-streams\1.0.3\reactive-streams-1.0.3.jar;C:\Users\Mohamed-Elsharkawy\.m2\repository\org\freemarker\freemarker\2.3.30\freemarker-2.3.30.jar;C:\Users\Mohamed-Elsharkawy\.m2\repository\org\projectlombok\lombok\1.18.12\lombok-1.18.12.jar;C:\Users\Mohamed-Elsharkawy\.m2\repository\com\google\code\gson\gson\2.8.6\gson-2.8.6.jar;C:\Users\Mohamed-Elsharkawy\.m2\repository\commons-io\commons-io\2.11.0\commons-io-2.11.0.jar
Launcher Type: SUN_STANDARD

[Global flags]
     intx CICompilerCount                          = 4                                         {product} {ergonomic}
     uint ConcGCThreads                            = 2                                         {product} {ergonomic}
     uint G1ConcRefinementThreads                  = 8                                         {product} {ergonomic}
   size_t G1HeapRegionSize                         = 2097152                                   {product} {ergonomic}
   size_t InitialHeapSize                          = 264241152                                 {product} {ergonomic}
   size_t MarkStackSize                            = 4194304                                   {product} {ergonomic}
   size_t MaxHeapSize                              = 4208984064                                {product} {ergonomic}
   size_t MaxNewSize                               = 2524971008                                {product} {ergonomic}
   size_t MinHeapDeltaBytes                        = 2097152                                   {product} {ergonomic}
   size_t MinHeapSize                              = 8388608                                   {product} {ergonomic}
    uintx NonNMethodCodeHeapSize                   = 5839372                                {pd product} {ergonomic}
    uintx NonProfiledCodeHeapSize                  = 122909434                              {pd product} {ergonomic}
    uintx ProfiledCodeHeapSize                     = 122909434                              {pd product} {ergonomic}
    uintx ReservedCodeCacheSize                    = 251658240                              {pd product} {ergonomic}
     bool SegmentedCodeCache                       = true                                      {product} {ergonomic}
   size_t SoftMaxHeapSize                          = 4208984064                             {manageable} {ergonomic}
     bool UseCompressedOops                        = true                           {product lp64_product} {ergonomic}
     bool UseG1GC                                  = true                                      {product} {ergonomic}
     bool UseLargePagesIndividualAllocation        = false                                  {pd product} {ergonomic}

Logging:
Log output configuration:
 #0: stdout all=warning uptime,level,tags foldmultilines=false
 #1: stderr all=off uptime,level,tags foldmultilines=false

Environment Variables:
PATH=C:\Program Files (x86)\Common Files\Oracle\Java\java8path;C:\Program Files (x86)\Common Files\Oracle\Java\javapath;C:\Windows\system32;C:\Windows;C:\Windows\System32\Wbem;C:\Windows\System32\WindowsPowerShell\v1.0\;C:\Windows\System32\OpenSSH\;C:\Program Files\dotnet\;C:\Program Files\Microsoft SQL Server\150\Tools\Binn\;C:\Program Files\Microsoft SQL Server\Client SDK\ODBC\170\Tools\Binn\;C:\Program Files (x86)\Windows Kits\10\Windows Performance Toolkit\;C:\Program Files\Git\cmd;C:\Program Files (x86)\Microsoft SQL Server\160\Tools\Binn\;C:\Program Files\Microsoft SQL Server\160\Tools\Binn\;C:\Program Files\Microsoft SQL Server\160\DTS\Binn\;C:\Program Files (x86)\Microsoft SQL Server\160\DTS\Binn\;C:\Program Files (x86)\MySQL\MySQL Installer for Windows;C:\Program Files\MySQL\MySQL Shell 8.0\bin\;C:\Users\Mohamed-Elsharkawy\AppData\Local\Programs\Python\Launcher\;C:\Users\Mohamed-Elsharkawy\AppData\Local\Microsoft\WindowsApps;D:\Downloads\Microsoft VS Code\bin;C:\Users\Mohamed-Elsharkawy\.dotnet\tools
USERNAME=Mohamed-Elsharkawy
OS=Windows_NT
PROCESSOR_IDENTIFIER=Intel64 Family 6 Model 94 Stepping 3, GenuineIntel
TMP=C:\Users\Mohamed-Elsharkawy\AppData\Local\Temp
TEMP=C:\Users\Mohamed-Elsharkawy\AppData\Local\Temp




Periodic native trim disabled

---------------  S Y S T E M  ---------------

OS:
 Windows 11 , 64 bit Build 26100 (10.0.26100.7309)
OS uptime: 0 days 4:47 hours

CPU: total 8 (initial active 8) (4 cores per cpu, 2 threads per core) family 6 model 94 stepping 3 microcode 0xf0, cx8, cmov, fxsr, ht, mmx, 3dnowpref, sse, sse2, sse3, ssse3, sse4.1, sse4.2, popcnt, lzcnt, tsc, tscinvbit, avx, avx2, aes, erms, clmul, bmi1, bmi2, rtm, adx, fma, vzeroupper, clflush, clflushopt, rdtscp, f16c
Processor Information for all 8 processors :
  Max Mhz: 2701, Current Mhz: 2701, Mhz Limit: 2701

Memory: 4k page, system-wide physical 16053M (5093M free)
TotalPageFile size 16053M (AvailPageFile size 215M)
current process WorkingSet (physical memory assigned to process): 135M, peak: 165M
current process commit charge ("private bytes"): 195M, peak: 407M

vm_info: OpenJDK 64-Bit Server VM (22.0.2+9-FR) for windows-amd64 JRE (22.0.2+9-FR), built on 2024-07-09T01:10:09Z by "Administrator" with MS VC++ 16.10 / 16.11 (VS2019)

END.
