#
# There is insufficient memory for the Java Runtime Environment to continue.
# Native memory allocation (mmap) failed to map 264241152 bytes. Error detail: G1 virtual space
# Possible reasons:
#   The system is out of physical RAM or swap space
#   This process is running with CompressedOops enabled, and the Java Heap may be blocking the growth of the native heap
# Possible solutions:
#   Reduce memory load on the system
#   Increase physical memory or swap space
#   Check if swap backing store is full
#   Decrease Java heap size (-Xmx/-Xms)
#   Decrease number of Java threads
#   Decrease Java thread stack sizes (-Xss)
#   Set larger code cache with -XX:ReservedCodeCacheSize=
#   JVM is running with Zero Based Compressed Oops mode in which the Java heap is
#     placed in the first 32GB address space. The Java Heap base address is the
#     maximum limit for the native heap growth. Please use -XX:HeapBaseMinAddress
#     to set the Java Heap base and to place the Java Heap above 32GB virtual address.
# This output file may be truncated or incomplete.
#
#  Out of Memory Error (os_windows.cpp:3631), pid=21244, tid=8028
#
# JRE version:  (22.0.2+9) (build )
# Java VM: OpenJDK 64-Bit Server VM (22.0.2+9-FR, mixed mode, sharing, tiered, compressed oops, compressed class ptrs, g1 gc, windows-amd64)
# No core dump will be written. Minidumps are not enabled by default on client versions of Windows
#

---------------  S U M M A R Y ------------

Command Line: -javaagent:C:\Users\Mohamed-Elsharkawy\AppData\Local\JetBrains\IdeaIC2025.1\captureAgent\debugger-agent.jar=file:///C:/Users/Mohamed-Elsharkawy/AppData/Local/Temp/capture18037120131849233619.props -ea -Didea.test.cyclic.buffer.size=1048576 -javaagent:D:\IntelliJ IDEA Community Edition 2025.1.4.1\lib\idea_rt.jar=53113 -Dkotlinx.coroutines.debug.enable.creation.stack.trace=false -Ddebugger.agent.enable.coroutines=true -Dkotlinx.coroutines.debug.enable.flows.stack.trace=true -Dkotlinx.coroutines.debug.enable.mutable.state.flows.stack.trace=true -Dfile.encoding=UTF-8 -Dsun.stdout.encoding=UTF-8 -Dsun.stderr.encoding=UTF-8 com.intellij.rt.testng.RemoteTestNGStarter -usedefaultlisteners false -socket53112 @w@C:\Users\Mohamed-Elsharkawy\AppData\Local\Temp\idea_working_dirs_testng2.tmp -temp C:\Users\Mohamed-Elsharkawy\AppData\Local\Temp\idea_testng2.tmp

Host: Intel(R) Core(TM) i7-6820HQ CPU @ 2.70GHz, 8 cores, 15G,  Windows 11 , 64 bit Build 26100 (10.0.26100.7309)
Time: Sat Dec  6 00:30:59 2025 Egypt Standard Time elapsed time: 1.215880 seconds (0d 0h 0m 1s)

---------------  T H R E A D  ---------------

Current thread (0x000001f55f9acf80):  JavaThread "Unknown thread" [_thread_in_vm, id=8028, stack(0x00000072ca000000,0x00000072ca100000) (1024K)]

Stack: [0x00000072ca000000,0x00000072ca100000]
Native frames: (J=compiled Java code, j=interpreted, Vv=VM code, C=native code)
V  [jvm.dll+0x6f7bb9]  (no source info available)
V  [jvm.dll+0x8dc245]  (no source info available)
V  [jvm.dll+0x8de4ae]  (no source info available)
V  [jvm.dll+0x8deb93]  (no source info available)
V  [jvm.dll+0x28d336]  (no source info available)
V  [jvm.dll+0x6f4295]  (no source info available)
V  [jvm.dll+0x6e899a]  (no source info available)
V  [jvm.dll+0x369e6b]  (no source info available)
V  [jvm.dll+0x372386]  (no source info available)
V  [jvm.dll+0x3c4bf6]  (no source info available)
V  [jvm.dll+0x3c4ec8]  (no source info available)
V  [jvm.dll+0x33c86c]  (no source info available)
V  [jvm.dll+0x33d668]  (no source info available)
V  [jvm.dll+0x8a329c]  (no source info available)
V  [jvm.dll+0x3d2271]  (no source info available)
V  [jvm.dll+0x88c17c]  (no source info available)
V  [jvm.dll+0x46b7ae]  (no source info available)
V  [jvm.dll+0x46d5f1]  (no source info available)
C  [jli.dll+0x52ab]  (no source info available)
C  [ucrtbase.dll+0x37b0]  (no source info available)
C  [KERNEL32.DLL+0x2e8d7]  (no source info available)
C  [ntdll.dll+0x8c53c]  (no source info available)


---------------  P R O C E S S  ---------------

Threads class SMR info:
_java_thread_list=0x00007ff9809dc648, length=0, elements={
}

Java Threads: ( => current thread )
Total: 0

Other Threads:
  0x000001f561bb2b40 WorkerThread "GC Thread#0"                     [id=18788, stack(0x00000072ca100000,0x00000072ca200000) (1024K)]
  0x000001f561bc4130 ConcurrentGCThread "G1 Main Marker"            [id=20788, stack(0x00000072ca200000,0x00000072ca300000) (1024K)]
  0x000001f561bc52f0 WorkerThread "G1 Conc#0"                       [id=17572, stack(0x00000072ca300000,0x00000072ca400000) (1024K)]

[error occurred during error reporting (printing all threads), id 0xc0000005, EXCEPTION_ACCESS_VIOLATION (0xc0000005) at pc=0x00007ff9800c0547]
VM state: not at safepoint (not fully initialized)

VM Mutex/Monitor currently owned by a thread:  ([mutex/lock_event])
[0x00007ff980a60010] Heap_lock - owner thread: 0x000001f55f9acf80

Heap address: 0x0000000705200000, size: 4014 MB, Compressed Oops mode: Zero based, Oop shift amount: 3

CDS archive(s) mapped at: [0x0000000000000000-0x0000000000000000-0x0000000000000000), size 0, SharedBaseAddress: 0x0000000800000000, ArchiveRelocationMode: 1.
Narrow klass base: 0x0000000000000000, Narrow klass shift: 0, Narrow klass range: 0x0

GC Precious Log:
 CardTable entry size: 512
 Card Set container configuration: InlinePtr #cards 4 size 8 Array Of Cards #cards 16 size 48 Howl #buckets 8 coarsen threshold 3686 Howl Bitmap #cards 512 size 80 coarsen threshold 460 Card regions per heap region 1 cards per card region 4096

Heap:
 garbage-first heap   total reserved 4110336K, committed 0K, used 0K [0x0000000705200000, 0x0000000800000000)
  region size 2048K, 0 young (0K), 0 survivors (0K)

[error occurred during error reporting (printing heap information), id 0xc0000005, EXCEPTION_ACCESS_VIOLATION (0xc0000005) at pc=0x00007ff9804c47c9]
GC Heap History (0 events):
No events

Dll operation events (2 events):
Event: 0.019 Loaded shared library C:\Users\Mohamed-Elsharkawy\.jdks\corretto-22.0.2\bin\java.dll
Event: 0.021 Loaded shared library C:\Users\Mohamed-Elsharkawy\.jdks\corretto-22.0.2\bin\zip.dll

Deoptimization events (0 events):
No events

Classes loaded (0 events):
No events

Classes unloaded (0 events):
No events

Classes redefined (0 events):
No events

Internal exceptions (0 events):
No events

ZGC Phase Switch (0 events):
No events

VM Operations (0 events):
No events

Memory protections (0 events):
No events

Nmethod flushes (0 events):
No events

Events (0 events):
No events


Dynamic libraries:
0x00007ff7840e0000 - 0x00007ff7840ee000 	C:\Users\Mohamed-Elsharkawy\.jdks\corretto-22.0.2\bin\java.exe
0x00007ffa45cc0000 - 0x00007ffa45f27000 	C:\Windows\SYSTEM32\ntdll.dll
0x00007ffa44b70000 - 0x00007ffa44c39000 	C:\Windows\System32\KERNEL32.DLL
0x00007ffa42ff0000 - 0x00007ffa433df000 	C:\Windows\System32\KERNELBASE.dll
0x00007ffa43910000 - 0x00007ffa43a5b000 	C:\Windows\System32\ucrtbase.dll
0x00007ffa274b0000 - 0x00007ffa274cb000 	C:\Users\Mohamed-Elsharkawy\.jdks\corretto-22.0.2\bin\VCRUNTIME140.dll
0x00007ffa346a0000 - 0x00007ffa346b7000 	C:\Users\Mohamed-Elsharkawy\.jdks\corretto-22.0.2\bin\jli.dll
0x00007ffa45aa0000 - 0x00007ffa45c65000 	C:\Windows\System32\USER32.dll
0x00007ffa2d0b0000 - 0x00007ffa2d343000 	C:\Windows\WinSxS\amd64_microsoft.windows.common-controls_6595b64144ccf1df_6.0.26100.7309_none_3e05feeae336a044\COMCTL32.dll
0x00007ffa433f0000 - 0x00007ffa43417000 	C:\Windows\System32\win32u.dll
0x00007ffa447d0000 - 0x00007ffa44879000 	C:\Windows\System32\msvcrt.dll
0x00007ffa449b0000 - 0x00007ffa449db000 	C:\Windows\System32\GDI32.dll
0x00007ffa42e10000 - 0x00007ffa42f3c000 	C:\Windows\System32\gdi32full.dll
0x00007ffa42f40000 - 0x00007ffa42fe3000 	C:\Windows\System32\msvcp_win.dll
0x00007ffa44970000 - 0x00007ffa449a1000 	C:\Windows\System32\IMM32.DLL
0x00007ffa2d3c0000 - 0x00007ffa2d3cc000 	C:\Users\Mohamed-Elsharkawy\.jdks\corretto-22.0.2\bin\vcruntime140_1.dll
0x00007ff9d8a00000 - 0x00007ff9d8a8d000 	C:\Users\Mohamed-Elsharkawy\.jdks\corretto-22.0.2\bin\msvcp140.dll
0x00007ff97fd70000 - 0x00007ff980b41000 	C:\Users\Mohamed-Elsharkawy\.jdks\corretto-22.0.2\bin\server\jvm.dll
0x00007ffa43b40000 - 0x00007ffa43bf4000 	C:\Windows\System32\ADVAPI32.dll
0x00007ffa44c40000 - 0x00007ffa44ce6000 	C:\Windows\System32\sechost.dll
0x00007ffa43d20000 - 0x00007ffa43e38000 	C:\Windows\System32\RPCRT4.dll
0x00007ffa449f0000 - 0x00007ffa44a64000 	C:\Windows\System32\WS2_32.dll
0x00007ffa42c70000 - 0x00007ffa42cce000 	C:\Windows\SYSTEM32\POWRPROF.dll
0x00007ffa31970000 - 0x00007ffa319a5000 	C:\Windows\SYSTEM32\WINMM.dll
0x00007ffa380a0000 - 0x00007ffa380ab000 	C:\Windows\SYSTEM32\VERSION.dll
0x00007ffa42c50000 - 0x00007ffa42c64000 	C:\Windows\SYSTEM32\UMPDC.dll
0x00007ffa41bc0000 - 0x00007ffa41bdb000 	C:\Windows\SYSTEM32\kernel.appcore.dll
0x00007ffa2c090000 - 0x00007ffa2c09a000 	C:\Users\Mohamed-Elsharkawy\.jdks\corretto-22.0.2\bin\jimage.dll
0x00007ffa402a0000 - 0x00007ffa404e2000 	C:\Windows\SYSTEM32\DBGHELP.DLL
0x00007ffa44f70000 - 0x00007ffa452f6000 	C:\Windows\System32\combase.dll
0x00007ffa43a60000 - 0x00007ffa43b36000 	C:\Windows\System32\OLEAUT32.dll
0x00007ffa24290000 - 0x00007ffa242cc000 	C:\Windows\SYSTEM32\dbgcore.DLL
0x00007ffa43860000 - 0x00007ffa43905000 	C:\Windows\System32\bcryptPrimitives.dll
0x00007ffa29e10000 - 0x00007ffa29e1e000 	C:\Users\Mohamed-Elsharkawy\.jdks\corretto-22.0.2\bin\instrument.dll
0x00007ffa1f020000 - 0x00007ffa1f03e000 	C:\Users\Mohamed-Elsharkawy\.jdks\corretto-22.0.2\bin\java.dll
0x00007ffa43e40000 - 0x00007ffa44593000 	C:\Windows\System32\SHELL32.dll
0x00007ffa436f0000 - 0x00007ffa4385a000 	C:\Windows\System32\wintypes.dll
0x00007ffa45900000 - 0x00007ffa45a97000 	C:\Windows\System32\ole32.dll
0x00007ffa177c0000 - 0x00007ffa177d7000 	C:\Users\Mohamed-Elsharkawy\.jdks\corretto-22.0.2\bin\zip.dll

dbghelp: loaded successfully - version: 4.0.5 - missing functions: none
symbol engine: initialized successfully - sym options: 0x614 - pdb path: .;C:\Users\Mohamed-Elsharkawy\.jdks\corretto-22.0.2\bin;C:\Windows\SYSTEM32;C:\Windows\WinSxS\amd64_microsoft.windows.common-controls_6595b64144ccf1df_6.0.26100.7309_none_3e05feeae336a044;C:\Users\Mohamed-Elsharkawy\.jdks\corretto-22.0.2\bin\server

VM Arguments:
jvm_args: -javaagent:C:\Users\Mohamed-Elsharkawy\AppData\Local\JetBrains\IdeaIC2025.1\captureAgent\debugger-agent.jar=file:///C:/Users/Mohamed-Elsharkawy/AppData/Local/Temp/capture18037120131849233619.props -ea -Didea.test.cyclic.buffer.size=1048576 -javaagent:D:\IntelliJ IDEA Community Edition 2025.1.4.1\lib\idea_rt.jar=53113 -Dkotlinx.coroutines.debug.enable.creation.stack.trace=false -Ddebugger.agent.enable.coroutines=true -Dkotlinx.coroutines.debug.enable.flows.stack.trace=true -Dkotlinx.coroutines.debug.enable.mutable.state.flows.stack.trace=true -Dfile.encoding=UTF-8 -Dsun.stdout.encoding=UTF-8 -Dsun.stderr.encoding=UTF-8 
java_command: com.intellij.rt.testng.RemoteTestNGStarter -usedefaultlisteners false -socket53112 @w@C:\Users\Mohamed-Elsharkawy\AppData\Local\Temp\idea_working_dirs_testng2.tmp -temp C:\Users\Mohamed-Elsharkawy\AppData\Local\Temp\idea_testng2.tmp
java_class_path (initial): D:\IntelliJ IDEA Community Edition 2025.1.4.1\lib\idea_rt.jar;D:\IntelliJ IDEA Community Edition 2025.1.4.1\plugins\testng\lib\testng-rt.jar;D:\Mohamed Mahmoud Elsharkawy\GraduateProject\target\test-classes;D:\Mohamed Mahmoud Elsharkawy\GraduateProject\target\classes;C:\Users\Mohamed-Elsharkawy\.m2\repository\org\seleniumhq\selenium\selenium-java\4.38.0\selenium-java-4.38.0.jar;C:\Users\Mohamed-Elsharkawy\.m2\repository\org\seleniumhq\selenium\selenium-api\4.38.0\selenium-api-4.38.0.jar;C:\Users\Mohamed-Elsharkawy\.m2\repository\org\jspecify\jspecify\1.0.0\jspecify-1.0.0.jar;C:\Users\Mohamed-Elsharkawy\.m2\repository\org\seleniumhq\selenium\selenium-chrome-driver\4.38.0\selenium-chrome-driver-4.38.0.jar;C:\Users\Mohamed-Elsharkawy\.m2\repository\com\google\auto\service\auto-service-annotations\1.1.1\auto-service-annotations-1.1.1.jar;C:\Users\Mohamed-Elsharkawy\.m2\repository\org\seleniumhq\selenium\selenium-chromium-driver\4.38.0\selenium-chromium-driver-4.38.0.jar;C:\Users\Mohamed-Elsharkawy\.m2\repository\org\seleniumhq\selenium\selenium-json\4.38.0\selenium-json-4.38.0.jar;C:\Users\Mohamed-Elsharkawy\.m2\repository\org\seleniumhq\selenium\selenium-manager\4.38.0\selenium-manager-4.38.0.jar;C:\Users\Mohamed-Elsharkawy\.m2\repository\org\seleniumhq\selenium\selenium-devtools-v140\4.38.0\selenium-devtools-v140-4.38.0.jar;C:\Users\Mohamed-Elsharkawy\.m2\repository\org\seleniumhq\selenium\selenium-devtools-v141\4.38.0\selenium-devtools-v141-4.38.0.jar;C:\Users\Mohamed-Elsharkawy\.m2\repository\org\seleniumhq\selenium\selenium-devtools-v142\4.38.0\selenium-devtools-v142-4.38.0.jar;C:\Users\Mohamed-Elsharkawy\.m2\repository\org\seleniumhq\selenium\selenium-edge-driver\4.38.0\selenium-edge-driver-4.38.0.jar;C:\Users\Mohamed-Elsharkawy\.m2\repository\org\seleniumhq\selenium\selenium-firefox-driver\4.38.0\selenium-firefox-driver-4.38.0.jar;C:\Users\Mohamed-Elsharkawy\.m2\repository\org\seleniumhq\selenium\selenium-http\4.38.0\selenium-http-4.38.0.jar;C:\Users\Mohamed-Elsharkawy\.m2\repository\org\seleniumhq\selenium\selenium-ie-driver\4.38.0\selenium-ie-driver-4.38.0.jar;C:\Users\Mohamed-Elsharkawy\.m2\repository\org\seleniumhq\selenium\selenium-remote-driver\4.38.0\selenium-remote-driver-4.38.0.jar;C:\Users\Mohamed-Elsharkawy\.m2\repository\com\google\guava\guava\33.5.0-jre\guava-33.5.0-jre.jar;C:\Users\Mohamed-Elsharkawy\.m2\repository\com\google\guava\failureaccess\1.0.3\failureaccess-1.0.3.jar;C:\Users\Mohamed-Elsharkawy\.m2\repository\com\google\guava\listenablefuture\9999.0-empty-to-avoid-conflict-with-guava\listenablefuture-9999.0-empty-to-avoid-conflict-with-guava.jar;C:\Users\Mohamed-Elsharkawy\.m2\repository\com\google\errorprone\error_prone_annotations\2.41.0\error_prone_annotations-2.41.0.jar;C:\Users\Mohamed-Elsharkawy\.m2\repository\com\google\j2objc\j2objc-annotations\3.1\j2objc-annotations-3.1.jar;C:\Users\Mohamed-Elsharkawy\.m2\repository\io\opentelemetry\opentelemetry-api\1.55.0\opentelemetry-api-1.55.0.jar;C:\Users\Mohamed-Elsharkawy\.m2\repository\io\opentelemetry\opentelemetry-context\1.55.0\opentelemetry-context-1.55.0.jar;C:\Users\Mohamed-Elsharkawy\.m2\repository\io\opentelemetry\opentelemetry-common\1.55.0\opentelemetry-common-1.55.0.jar;C:\Users\Mohamed-Elsharkawy\.m2\repository\io\opentelemetry\opentelemetry-exporter-logging\1.55.0\opentelemetry-exporter-logging-1.55.0.jar;C:\Users\Mohamed-Elsharkawy\.m2\repository\io\opentelemetry\opentelemetry-sdk-common\1.55.0\opentelemetry-sdk-common-1.55.0.jar;C:\Users\Mohamed-Elsharkawy\.m2\repository\io\opentelemetry\opentelemetry-sdk-extension-autoconfigure-spi\1.55.0\opentelemetry-sdk-extension-autoconfigure-spi-1.55.0.jar;C:\Users\Mohamed-Elsharkawy\.m2\repository\io\opentelemetry\opentelemetry-sdk-extension-autoconfigure\1.55.0\opentelemetry-sdk-extension-autoconfigure-1.55.0.jar;C:\Users\Mohamed-Elsharkawy\.m2\repository\io\opentelemetry\opentelemetry-sdk-trace\1.55.0\opentelemetry-sdk-trace-1.55.0.jar;C:\Users\Mohamed-Elsharkawy\.m2\repository\io\opentelemetry\opentelemetry-sdk\1.55.0\opentelemetry-sdk-1.55.0.jar;C:\Users\Mohamed-Elsharkawy\.m2\repository\io\opentelemetry\opentelemetry-sdk-metrics\1.55.0\opentelemetry-sdk-metrics-1.55.0.jar;C:\Users\Mohamed-Elsharkawy\.m2\repository\io\opentelemetry\opentelemetry-sdk-logs\1.55.0\opentelemetry-sdk-logs-1.55.0.jar;C:\Users\Mohamed-Elsharkawy\.m2\repository\net\bytebuddy\byte-buddy\1.17.8\byte-buddy-1.17.8.jar;C:\Users\Mohamed-Elsharkawy\.m2\repository\org\seleniumhq\selenium\selenium-os\4.38.0\selenium-os-4.38.0.jar;C:\Users\Mohamed-Elsharkawy\.m2\repository\org\apache\commons\commons-exec\1.5.0\commons-exec-1.5.0.jar;C:\Users\Mohamed-Elsharkawy\.m2\repository\org\seleniumhq\selenium\selenium-safari-driver\4.38.0\selenium-safari-driver-4.38.0.jar;C:\Users\Mohamed-Elsharkawy\.m2\repository\org\seleniumhq\selenium\selenium-support\4.38.0\selenium-support-4.38.0.jar;C:\Users\Mohamed-Elsharkawy\.m2\repository\org\testng\testng\7.9.0\testng-7.9.0.jar;C:\Users\Mohamed-Elsharkawy\.m2\repository\org\slf4j\slf4j-api\1.7.36\slf4j-api-1.7.36.jar;C:\Users\Mohamed-Elsharkawy\.m2\repository\com\beust\jcommander\1.82\jcommander-1.82.jar;C:\Users\Mohamed-Elsharkawy\.m2\repository\org\webjars\jquery\3.7.1\jquery-3.7.1.jar;C:\Users\Mohamed-Elsharkawy\.m2\repository\com\aventstack\extentreports\5.0.9\extentreports-5.0.9.jar;C:\Users\Mohamed-Elsharkawy\.m2\repository\io\reactivex\rxjava3\rxjava\3.0.4\rxjava-3.0.4.jar;C:\Users\Mohamed-Elsharkawy\.m2\repository\org\reactivestreams\reactive-streams\1.0.3\reactive-streams-1.0.3.jar;C:\Users\Mohamed-Elsharkawy\.m2\repository\org\freemarker\freemarker\2.3.30\freemarker-2.3.30.jar;C:\Users\Mohamed-Elsharkawy\.m2\repository\org\projectlombok\lombok\1.18.12\lombok-1.18.12.jar;C:\Users\Mohamed-Elsharkawy\.m2\repository\com\google\code\gson\gson\2.8.6\gson-2.8.6.jar;C:\Users\Mohamed-Elsharkawy\.m2\repository\commons-io\commons-io\2.11.0\commons-io-2.11.0.jar
Launcher Type: SUN_STANDARD

[Global flags]
     intx CICompilerCount                          = 4                                         {product} {ergonomic}
     uint ConcGCThreads                            = 2                                         {product} {ergonomic}
     uint G1ConcRefinementThreads                  = 8                                         {product} {ergonomic}
   size_t G1HeapRegionSize                         = 2097152                                   {product} {ergonomic}
   size_t InitialHeapSize                          = 264241152                                 {product} {ergonomic}
   size_t MarkStackSize                            = 4194304                                   {product} {ergonomic}
   size_t MaxHeapSize                              = 4208984064                                {product} {ergonomic}
   size_t MinHeapDeltaBytes                        = 2097152                                   {product} {ergonomic}
   size_t MinHeapSize                              = 8388608                                   {product} {ergonomic}
    uintx NonNMethodCodeHeapSize                   = 5839372                                {pd product} {ergonomic}
    uintx NonProfiledCodeHeapSize                  = 122909434                              {pd product} {ergonomic}
    uintx ProfiledCodeHeapSize                     = 122909434                              {pd product} {ergonomic}
    uintx ReservedCodeCacheSize                    = 251658240                              {pd product} {ergonomic}
     bool SegmentedCodeCache                       = true                                      {product} {ergonomic}
   size_t SoftMaxHeapSize                          = 4208984064                             {manageable} {ergonomic}
     bool UseCompressedOops                        = true                           {product lp64_product} {ergonomic}
     bool UseG1GC                                  = true                                      {product} {ergonomic}
     bool UseLargePagesIndividualAllocation        = false                                  {pd product} {ergonomic}

Logging:
Log output configuration:
 #0: stdout all=warning uptime,level,tags foldmultilines=false
 #1: stderr all=off uptime,level,tags foldmultilines=false

Environment Variables:
PATH=C:\Program Files (x86)\Common Files\Oracle\Java\java8path;C:\Program Files (x86)\Common Files\Oracle\Java\javapath;C:\Windows\system32;C:\Windows;C:\Windows\System32\Wbem;C:\Windows\System32\WindowsPowerShell\v1.0\;C:\Windows\System32\OpenSSH\;C:\Program Files\dotnet\;C:\Program Files\Microsoft SQL Server\150\Tools\Binn\;C:\Program Files\Microsoft SQL Server\Client SDK\ODBC\170\Tools\Binn\;C:\Program Files (x86)\Windows Kits\10\Windows Performance Toolkit\;C:\Program Files\Git\cmd;C:\Program Files (x86)\Microsoft SQL Server\160\Tools\Binn\;C:\Program Files\Microsoft SQL Server\160\Tools\Binn\;C:\Program Files\Microsoft SQL Server\160\DTS\Binn\;C:\Program Files (x86)\Microsoft SQL Server\160\DTS\Binn\;C:\Program Files (x86)\MySQL\MySQL Installer for Windows;C:\Program Files\MySQL\MySQL Shell 8.0\bin\;C:\Users\Mohamed-Elsharkawy\AppData\Local\Programs\Python\Launcher\;C:\Users\Mohamed-Elsharkawy\AppData\Local\Microsoft\WindowsApps;D:\Downloads\Microsoft VS Code\bin;C:\Users\Mohamed-Elsharkawy\.dotnet\tools
USERNAME=Mohamed-Elsharkawy
OS=Windows_NT
PROCESSOR_IDENTIFIER=Intel64 Family 6 Model 94 Stepping 3, GenuineIntel
TMP=C:\Users\Mohamed-Elsharkawy\AppData\Local\Temp
TEMP=C:\Users\Mohamed-Elsharkawy\AppData\Local\Temp




Periodic native trim disabled

---------------  S Y S T E M  ---------------

OS:
 Windows 11 , 64 bit Build 26100 (10.0.26100.7309)
OS uptime: 0 days 4:48 hours

CPU: total 8 (initial active 8) (4 cores per cpu, 2 threads per core) family 6 model 94 stepping 3 microcode 0xf0, cx8, cmov, fxsr, ht, mmx, 3dnowpref, sse, sse2, sse3, ssse3, sse4.1, sse4.2, popcnt, lzcnt, tsc, tscinvbit, avx, avx2, aes, erms, clmul, bmi1, bmi2, rtm, adx, fma, vzeroupper, clflush, clflushopt, rdtscp, f16c
Processor Information for all 8 processors :
  Max Mhz: 2701, Current Mhz: 2701, Mhz Limit: 2701

Memory: 4k page, system-wide physical 16053M (5165M free)
TotalPageFile size 16053M (AvailPageFile size 215M)
current process WorkingSet (physical memory assigned to process): 14M, peak: 14M
current process commit charge ("private bytes"): 61M, peak: 312M

vm_info: OpenJDK 64-Bit Server VM (22.0.2+9-FR) for windows-amd64 JRE (22.0.2+9-FR), built on 2024-07-09T01:10:09Z by "Administrator" with MS VC++ 16.10 / 16.11 (VS2019)

END.
